<?xml version="1.0" encoding="UTF-8"?>
<!-- Generated by org.testng.reporters.JUnitReportReporter -->
<testsuite hostname="IN-PF2RSDYR" failures="0" tests="2" name="Tests.ParametersTest" time="21.976" errors="0" timestamp="2024-02-24T17:40:34 IST" skipped="0">
  <testcase classname="Tests.ParametersTest" name="login" time="10.297"/>
  <testcase classname="Tests.ParametersTest" name="login" time="11.679"/>
</testsuite> <!-- Tests.ParametersTest -->
