<?xml version="1.0" encoding="UTF-8"?>
<!-- Generated by org.testng.reporters.JUnitReportReporter -->
<testsuite hostname="IN-PF2RSDYR" failures="0" tests="2" name="Tests.GroupsTest" time="19.241" errors="0" timestamp="2024-02-24T16:53:08 IST" skipped="0">
  <testcase classname="Tests.GroupsTest" name="TC_Login1" time="9.182"/>
  <testcase classname="Tests.GroupsTest" name="TC_Login" time="10.059"/>
</testsuite> <!-- Tests.GroupsTest -->
