<?xml version="1.0" encoding="UTF-8"?>
<!-- Generated by org.testng.reporters.JUnitReportReporter -->
<testsuite hostname="IN-PF2RSDYR" failures="0" tests="2" name="Tests.DataProviderTest" time="0.016" errors="0" timestamp="2024-02-24T17:46:12 IST" skipped="0">
  <testcase classname="Tests.DataProviderTest" name="verifyData1" time="0.008"/>
  <testcase classname="Tests.DataProviderTest" name="verifyData1" time="0.008"/>
</testsuite> <!-- Tests.DataProviderTest -->
