<?xml version="1.0" encoding="UTF-8"?>
<!-- Generated by org.testng.reporters.JUnitReportReporter -->
<testsuite hostname="IN-PF2RSDYR" failures="0" tests="1" name="Runner.TestNGRunner" time="0.263" errors="0" timestamp="2024-03-02T17:18:43 IST" skipped="0">
  <testcase classname="Runner.TestNGRunner" name="runScenario" time="0.263"/>
</testsuite> <!-- Runner.TestNGRunner -->
