<?xml version="1.0" encoding="UTF-8"?>
<!-- Generated by org.testng.reporters.JUnitReportReporter -->
<testsuite hostname="IN-PF2RSDYR" failures="0" tests="3" name="Tests.FirstTestNGTtest" time="44.126" errors="0" timestamp="2024-02-24T16:46:08 IST" skipped="0">
  <testcase classname="Tests.FirstTestNGTtest" name="TC_Login" time="17.277"/>
  <testcase classname="Tests.FirstTestNGTtest" name="TC_Login1" time="9.950"/>
  <testcase classname="Tests.FirstTestNGTtest" name="TC_Login" time="16.899"/>
</testsuite> <!-- Tests.FirstTestNGTtest -->
