<?xml version="1.0" encoding="UTF-8"?>
<!-- Generated by org.testng.reporters.JUnitReportReporter -->
<testsuite hostname="IN-PF2RSDYR" failures="0" tests="5" name="Tests.PrirityTest" time="0.021" errors="0" timestamp="2024-02-24T17:14:00 IST" skipped="0">
  <testcase classname="Tests.PrirityTest" name="product" time="0.014"/>
  <testcase classname="Tests.PrirityTest" name="cart" time="0.001"/>
  <testcase classname="Tests.PrirityTest" name="login" time="0.002"/>
  <testcase classname="Tests.PrirityTest" name="payment" time="0.002"/>
  <testcase classname="Tests.PrirityTest" name="checkouts" time="0.002"/>
</testsuite> <!-- Tests.PrirityTest -->
