<?xml version="1.0" encoding="UTF-8"?>
<!-- Generated by org.testng.reporters.JUnitReportReporter -->
<testsuite hostname="IN-PF2RSDYR" failures="0" tests="2" name="Tests.EnableTC" time="0.015" errors="0" timestamp="2024-02-24T17:07:36 IST" skipped="0">
  <testcase classname="Tests.EnableTC" name="test2" time="0.001"/>
  <testcase classname="Tests.EnableTC" name="test" time="0.014"/>
</testsuite> <!-- Tests.EnableTC -->
